[    0.000000] Linux version 4.15.0-189-generic (buildd@lcy02-amd64-039) (gcc version 7.5.0 (Ubuntu 7.5.0-3ubuntu1~18.04)) #200-Ubuntu SMP Wed Jun 22 19:53:37 UTC 2022 (Ubuntu 4.15.0-189.200-generic 4.15.18)
[    0.000000] Command line: BOOT_IMAGE=/boot/vmlinuz-4.15.0-189-generic root=LABEL=cloudimg-rootfs ro console=tty1 console=ttyS0
[    0.000000] KERNEL supported cpus:
[    0.000000]   Intel GenuineIntel
[    0.000000]   AMD AuthenticAMD
[    0.000000]   Centaur CentaurHauls
[    0.000000] x86/fpu: Supporting XSAVE feature 0x001: 'x87 floating point registers'
[    0.000000] x86/fpu: Supporting XSAVE feature 0x002: 'SSE registers'
[    0.000000] x86/fpu: Supporting XSAVE feature 0x004: 'AVX registers'
[    0.000000] x86/fpu: xstate_offset[2]:  576, xstate_sizes[2]:  256
[    0.000000] x86/fpu: Enabled xstate features 0x7, context size is 832 bytes, using 'standard' format.
[    0.000000] e820: BIOS-provided physical RAM map:
[    0.000000] BIOS-e820: [mem 0x0000000000000000-0x000000000009fbff] usable
[    0.000000] BIOS-e820: [mem 0x000000000009fc00-0x000000000009ffff] reserved
[    0.000000] BIOS-e820: [mem 0x00000000000f0000-0x00000000000fffff] reserved
[    0.000000] BIOS-e820: [mem 0x0000000000100000-0x000000003ffeffff] usable
[    0.000000] BIOS-e820: [mem 0x000000003fff0000-0x000000003fffffff] ACPI data
[    0.000000] BIOS-e820: [mem 0x00000000fec00000-0x00000000fec00fff] reserved
[    0.000000] BIOS-e820: [mem 0x00000000fee00000-0x00000000fee00fff] reserved
[    0.000000] BIOS-e820: [mem 0x00000000fffc0000-0x00000000ffffffff] reserved
[    0.000000] NX (Execute Disable) protection: active
[    0.000000] SMBIOS 2.5 present.
[    0.000000] DMI: innotek GmbH VirtualBox/VirtualBox, BIOS VirtualBox 12/01/2006
[    0.000000] Hypervisor detected: KVM
[    0.000000] e820: last_pfn = 0x3fff0 max_arch_pfn = 0x400000000
[    0.000000] MTRR: Disabled
[    0.000000] x86/PAT: MTRRs disabled, skipping PAT initialization too.
[    0.000000] CPU MTRRs all blank - virtualized system.
[    0.000000] x86/PAT: Configuration [0-7]: WB  WT  UC- UC  WB  WT  UC- UC  
[    0.000000] found SMP MP-table at [mem 0x0009fff0-0x0009ffff]
[    0.000000] Scanning 1 areas for low memory corruption
[    0.000000] RAMDISK: [mem 0x359c5000-0x36cd9fff]
[    0.000000] ACPI: Early table checksum verification disabled
[    0.000000] ACPI: RSDP 0x00000000000E0000 000024 (v02 VBOX  )
[    0.000000] ACPI: XSDT 0x000000003FFF0030 00003C (v01 VBOX   VBOXXSDT 00000001 ASL  00000061)
[    0.000000] ACPI: FACP 0x000000003FFF00F0 0000F4 (v04 VBOX   VBOXFACP 00000001 ASL  00000061)
[    0.000000] ACPI: DSDT 0x000000003FFF0470 002325 (v02 VBOX   VBOXBIOS 00000002 INTL 20190509)
[    0.000000] ACPI: FACS 0x000000003FFF0200 000040
[    0.000000] ACPI: FACS 0x000000003FFF0200 000040
[    0.000000] ACPI: APIC 0x000000003FFF0240 00005C (v02 VBOX   VBOXAPIC 00000001 ASL  00000061)
[    0.000000] ACPI: SSDT 0x000000003FFF02A0 0001CC (v01 VBOX   VBOXCPUT 00000002 INTL 20190509)
[    0.000000] ACPI: Reserving FACP table memory at [mem 0x3fff00f0-0x3fff01e3]
[    0.000000] ACPI: Reserving DSDT table memory at [mem 0x3fff0470-0x3fff2794]
[    0.000000] ACPI: Reserving FACS table memory at [mem 0x3fff0200-0x3fff023f]
[    0.000000] ACPI: Reserving FACS table memory at [mem 0x3fff0200-0x3fff023f]
[    0.000000] ACPI: Reserving APIC table memory at [mem 0x3fff0240-0x3fff029b]
[    0.000000] ACPI: Reserving SSDT table memory at [mem 0x3fff02a0-0x3fff046b]
[    0.000000] No NUMA configuration found
[    0.000000] Faking a node at [mem 0x0000000000000000-0x000000003ffeffff]
[    0.000000] NODE_DATA(0) allocated [mem 0x3ffc5000-0x3ffeffff]
[    0.000000] kvm-clock: cpu 0, msr 0:3ff44001, primary cpu clock
[    0.000000] kvm-clock: Using msrs 4b564d01 and 4b564d00
[    0.000000] kvm-clock: using sched offset of 3586334210 cycles
[    0.000000] clocksource: kvm-clock: mask: 0xffffffffffffffff max_cycles: 0x1cd42e4dffb, max_idle_ns: 881590591483 ns
[    0.000000] Zone ranges:
[    0.000000]   DMA      [mem 0x0000000000001000-0x0000000000ffffff]
[    0.000000]   DMA32    [mem 0x0000000001000000-0x000000003ffeffff]
[    0.000000]   Normal   empty
[    0.000000]   Device   empty
[    0.000000] Movable zone start for each node
[    0.000000] Early memory node ranges
[    0.000000]   node   0: [mem 0x0000000000001000-0x000000000009efff]
[    0.000000]   node   0: [mem 0x0000000000100000-0x000000003ffeffff]
[    0.000000] Reserved but unavailable: 104 pages
[    0.000000] Initmem setup node 0 [mem 0x0000000000001000-0x000000003ffeffff]
[    0.000000] ACPI: PM-Timer IO Port: 0x4008
[    0.000000] IOAPIC[0]: apic_id 2, version 32, address 0xfec00000, GSI 0-23
[    0.000000] ACPI: INT_SRC_OVR (bus 0 bus_irq 0 global_irq 2 dfl dfl)
[    0.000000] ACPI: INT_SRC_OVR (bus 0 bus_irq 9 global_irq 9 low level)
[    0.000000] Using ACPI (MADT) for SMP configuration information
[    0.000000] smpboot: Allowing 2 CPUs, 0 hotplug CPUs
[    0.000000] PM: Registered nosave memory: [mem 0x00000000-0x00000fff]
[    0.000000] PM: Registered nosave memory: [mem 0x0009f000-0x0009ffff]
[    0.000000] PM: Registered nosave memory: [mem 0x000a0000-0x000effff]
[    0.000000] PM: Registered nosave memory: [mem 0x000f0000-0x000fffff]
[    0.000000] e820: [mem 0x40000000-0xfebfffff] available for PCI devices
[    0.000000] Booting paravirtualized kernel on KVM
[    0.000000] clocksource: refined-jiffies: mask: 0xffffffff max_cycles: 0xffffffff, max_idle_ns: 7645519600211568 ns
[    0.000000] random: get_random_bytes called from start_kernel+0x99/0x500 with crng_init=0
[    0.000000] setup_percpu: NR_CPUS:8192 nr_cpumask_bits:2 nr_cpu_ids:2 nr_node_ids:1
[    0.000000] percpu: Embedded 50 pages/cpu s167936 r8192 d28672 u1048576
[    0.000000] PV qspinlock hash table entries: 256 (order: 0, 4096 bytes)
[    0.000000] Built 1 zonelists, mobility grouping on.  Total pages: 257913
[    0.000000] Policy zone: DMA32
[    0.000000] Kernel command line: BOOT_IMAGE=/boot/vmlinuz-4.15.0-189-generic root=LABEL=cloudimg-rootfs ro console=tty1 console=ttyS0
[    0.000000] Memory: 982636K/1048120K available (12300K kernel code, 2484K rwdata, 4324K rodata, 2468K init, 2724K bss, 65484K reserved, 0K cma-reserved)
[    0.000000] SLUB: HWalign=64, Order=0-3, MinObjects=0, CPUs=2, Nodes=1
[    0.000000] Kernel/User page tables isolation: enabled
[    0.000000] ftrace: allocating 39515 entries in 155 pages
[    0.004000] Hierarchical RCU implementation.
[    0.004000] 	RCU restricting CPUs from NR_CPUS=8192 to nr_cpu_ids=2.
[    0.004000] 	Tasks RCU enabled.
[    0.004000] RCU: Adjusting geometry for rcu_fanout_leaf=16, nr_cpu_ids=2
[    0.004000] NR_IRQS: 524544, nr_irqs: 440, preallocated irqs: 16
[    0.004000] Console: colour VGA+ 80x25
[    0.004000] console [tty1] enabled
[    0.004000] console [ttyS0] enabled
[    0.004000] ACPI: Core revision 20170831
[    0.004000] ACPI: 2 ACPI AML tables successfully acquired and loaded
[    0.004000] APIC: Switch to symmetric I/O mode setup
[    0.004000] x2apic enabled
[    0.004000] Switched APIC routing to physical x2apic.
[    0.005564] ..TIMER: vector=0x30 apic1=0 pin1=2 apic2=-1 pin2=-1
[    0.008006] tsc: Detected 1995.380 MHz processor
[    0.012018] Calibrating delay loop (skipped) preset value.. 3990.76 BogoMIPS (lpj=7981520)
[    0.014229] pid_max: default: 32768 minimum: 301
[    0.016053] Security Framework initialized
[    0.017200] Yama: becoming mindful.
[    0.018269] AppArmor: AppArmor initialized
[    0.021085] Dentry cache hash table entries: 131072 (order: 8, 1048576 bytes)
[    0.023147] Inode-cache hash table entries: 65536 (order: 7, 524288 bytes)
[    0.024028] Mount-cache hash table entries: 2048 (order: 2, 16384 bytes)
[    0.025928] Mountpoint-cache hash table entries: 2048 (order: 2, 16384 bytes)
[    0.028376] Last level iTLB entries: 4KB 64, 2MB 8, 4MB 8
[    0.029908] Last level dTLB entries: 4KB 64, 2MB 0, 4MB 0, 1GB 4
[    0.032010] Spectre V1 : Mitigation: usercopy/swapgs barriers and __user pointer sanitization
[    0.036008] Spectre V2 : Mitigation: Retpolines
[    0.037223] Spectre V2 : Spectre v2 / SpectreRSB mitigation: Filling RSB on context switch
[    0.040005] Speculative Store Bypass: Vulnerable
[    0.041355] MDS: Mitigation: Clear CPU buffers
[    0.042612] SRBDS: Unknown: Dependent on hypervisor status
[    0.044220] Freeing SMP alternatives memory: 36K
[    0.156436] smpboot: CPU0: Intel(R) Core(TM) i3-5005U CPU @ 2.00GHz (family: 0x6, model: 0x3d, stepping: 0x4)
[    0.160119] Performance Events: unsupported p6 CPU model 61 no PMU driver, software events only.
[    0.164077] Hierarchical SRCU implementation.
[    0.167837] NMI watchdog: Perf event create on CPU 0 failed with -2
[    0.168008] NMI watchdog: Perf NMI watchdog permanently disabled
[    0.172103] smp: Bringing up secondary CPUs ...
[    0.173678] x86: Booting SMP configuration:
[    0.175083] .... node  #0, CPUs:      #1
[    0.004000] kvm-clock: cpu 1, msr 0:3ff44041, secondary cpu clock
[    0.180032] smp: Brought up 1 node, 2 CPUs
[    0.181284] smpboot: Max logical packages: 1
[    0.182744] smpboot: Total of 2 processors activated (7981.52 BogoMIPS)
[    0.184306] devtmpfs: initialized
[    0.185479] x86/mm: Memory block size: 128MB
[    0.188345] evm: security.selinux
[    0.189611] evm: security.SMACK64
[    0.192007] evm: security.SMACK64EXEC
[    0.193289] evm: security.SMACK64TRANSMUTE
[    0.195022] evm: security.SMACK64MMAP
[    0.196011] evm: security.apparmor
[    0.197236] evm: security.ima
[    0.198397] evm: security.capability
[    0.200193] clocksource: jiffies: mask: 0xffffffff max_cycles: 0xffffffff, max_idle_ns: 7645041785100000 ns
[    0.204033] futex hash table entries: 512 (order: 3, 32768 bytes)
[    0.205843] pinctrl core: initialized pinctrl subsystem
[    0.208175] RTC time: 18:54:36, date: 07/26/22
[    0.210073] NET: Registered protocol family 16
[    0.212188] audit: initializing netlink subsys (disabled)
[    0.214223] audit: type=2000 audit(1658861681.253:1): state=initialized audit_enabled=0 res=1
[    0.216032] cpuidle: using governor ladder
[    0.217335] cpuidle: using governor menu
[    0.220078] ACPI: bus type PCI registered
[    0.221382] acpiphp: ACPI Hot Plug PCI Controller Driver version: 0.5
[    0.223552] PCI: Using configuration type 1 for base access
[    0.225423] HugeTLB registered 2.00 MiB page size, pre-allocated 0 pages
[    0.228112] ACPI: Added _OSI(Module Device)
[    0.229483] ACPI: Added _OSI(Processor Device)
[    0.232009] ACPI: Added _OSI(3.0 _SCP Extensions)
[    0.233955] ACPI: Added _OSI(Processor Aggregator Device)
[    0.236021] ACPI: Added _OSI(Linux-Dell-Video)
[    0.237487] ACPI: Added _OSI(Linux-Lenovo-NV-HDMI-Audio)
[    0.238989] ACPI: Added _OSI(Linux-HPI-Hybrid-Graphics)
[    0.240378] ACPI: Executed 1 blocks of module-level executable AML code
[    0.248321] ACPI: Interpreter enabled
[    0.249517] ACPI: (supports S0 S5)
[    0.250613] ACPI: Using IOAPIC for interrupt routing
[    0.252379] PCI: Using host bridge windows from ACPI; if necessary, use "pci=nocrs" and report a bug
[    0.255477] ACPI: Enabled 2 GPEs in block 00 to 07
[    0.267019] ACPI: PCI Root Bridge [PCI0] (domain 0000 [bus 00-ff])
[    0.268019] acpi PNP0A03:00: _OSC: OS supports [ASPM ClockPM Segments MSI]
[    0.270642] acpi PNP0A03:00: _OSC: not requesting OS control; OS requires [ExtendedConfig ASPM ClockPM MSI]
[    0.272028] acpi PNP0A03:00: fail to add MMCONFIG information, can't access extended PCI configuration space under this bridge.
[    0.276549] PCI host bridge to bus 0000:00
[    0.277764] pci_bus 0000:00: root bus resource [io  0x0000-0x0cf7 window]
[    0.280006] pci_bus 0000:00: root bus resource [io  0x0d00-0xffff window]
[    0.281842] pci_bus 0000:00: root bus resource [mem 0x000a0000-0x000bffff window]
[    0.284014] pci_bus 0000:00: root bus resource [mem 0x40000000-0xfdffffff window]
[    0.288016] pci_bus 0000:00: root bus resource [bus 00-ff]
[    0.294353] pci 0000:00:01.1: legacy IDE quirk: reg 0x10: [io  0x01f0-0x01f7]
[    0.296012] pci 0000:00:01.1: legacy IDE quirk: reg 0x14: [io  0x03f6]
[    0.300011] pci 0000:00:01.1: legacy IDE quirk: reg 0x18: [io  0x0170-0x0177]
[    0.302106] pci 0000:00:01.1: legacy IDE quirk: reg 0x1c: [io  0x0376]
[    0.334023] pci 0000:00:07.0: quirk: [io  0x4000-0x403f] claimed by PIIX4 ACPI
[    0.336044] pci 0000:00:07.0: quirk: [io  0x4100-0x410f] claimed by PIIX4 SMB
[    0.366164] ACPI: PCI Interrupt Link [LNKA] (IRQs 5 9 10 *11)
[    0.368920] ACPI: PCI Interrupt Link [LNKB] (IRQs 5 9 *10 11)
[    0.371374] ACPI: PCI Interrupt Link [LNKC] (IRQs 5 *9 10 11)
[    0.372287] ACPI: PCI Interrupt Link [LNKD] (IRQs 5 9 10 *11)
[    0.376915] SCSI subsystem initialized
[    0.379496] pci 0000:00:02.0: vgaarb: setting as boot VGA device
[    0.380000] pci 0000:00:02.0: vgaarb: VGA device added: decodes=io+mem,owns=io+mem,locks=none
[    0.380014] pci 0000:00:02.0: vgaarb: bridge control possible
[    0.384009] vgaarb: loaded
[    0.385218] ACPI: bus type USB registered
[    0.388166] usbcore: registered new interface driver usbfs
[    0.390270] usbcore: registered new interface driver hub
[    0.392039] usbcore: registered new device driver usb
[    0.394212] EDAC MC: Ver: 3.0.0
[    0.396434] PCI: Using ACPI for IRQ routing
[    0.397958] NetLabel: Initializing
[    0.400008] NetLabel:  domain hash size = 128
[    0.401449] NetLabel:  protocols = UNLABELED CIPSOv4 CALIPSO
[    0.403216] NetLabel:  unlabeled traffic allowed by default
[    0.408171] clocksource: Switched to clocksource kvm-clock
[    0.426994] VFS: Disk quotas dquot_6.6.0
[    0.428671] VFS: Dquot-cache hash table entries: 512 (order 0, 4096 bytes)
[    0.431308] AppArmor: AppArmor Filesystem Enabled
[    0.432810] pnp: PnP ACPI init
[    0.435529] pnp: PnP ACPI: found 3 devices
[    0.447814] clocksource: acpi_pm: mask: 0xffffff max_cycles: 0xffffff, max_idle_ns: 2085701024 ns
[    0.451433] NET: Registered protocol family 2
[    0.453275] IP idents hash table entries: 16384 (order: 5, 131072 bytes)
[    0.456945] TCP established hash table entries: 8192 (order: 4, 65536 bytes)
[    0.459036] TCP bind hash table entries: 8192 (order: 5, 131072 bytes)
[    0.460940] TCP: Hash tables configured (established 8192 bind 8192)
[    0.462937] UDP hash table entries: 512 (order: 2, 16384 bytes)
[    0.464912] UDP-Lite hash table entries: 512 (order: 2, 16384 bytes)
[    0.466916] NET: Registered protocol family 1
[    0.468330] pci 0000:00:00.0: Limiting direct PCI/PCI transfers
[    0.470140] pci 0000:00:01.0: Activating ISA DMA hang workarounds
[    0.472260] pci 0000:00:02.0: Video device with shadowed ROM at [mem 0x000c0000-0x000dffff]
[    0.474994] Unpacking initramfs...
[    0.919865] Freeing initrd memory: 19540K
[    0.921772] clocksource: tsc: mask: 0xffffffffffffffff max_cycles: 0x39864456686, max_idle_ns: 881590680204 ns
[    0.925573] platform rtc_cmos: registered platform RTC device (no PNP device found)
[    0.928171] Scanning for low memory corruption every 60 seconds
[    0.930895] Initialise system trusted keyrings
[    0.933553] Key type blacklist registered
[    0.936102] workingset: timestamp_bits=36 max_order=18 bucket_order=0
[    0.940484] zbud: loaded
[    0.942484] squashfs: version 4.0 (2009/01/31) Phillip Lougher
[    0.944945] fuse init (API version 7.26)
[    0.951298] Key type asymmetric registered
[    0.952863] Asymmetric key parser 'x509' registered
[    0.954625] Block layer SCSI generic (bsg) driver version 0.4 loaded (major 246)
[    0.957140] io scheduler noop registered
[    0.958448] io scheduler deadline registered
[    0.959911] io scheduler cfq registered (default)
[    0.962152] ACPI: AC Adapter [AC] (on-line)
[    0.964432] input: Power Button as /devices/LNXSYSTM:00/LNXPWRBN:00/input/input0
[    0.966675] ACPI: Power Button [PWRF]
[    0.967865] input: Sleep Button as /devices/LNXSYSTM:00/LNXSLPBN:00/input/input1
[    0.970502] ACPI: Sleep Button [SLPF]
[    0.973671] ACPI: Battery Slot [BAT0] (battery present)
[    0.976233] Serial: 8250/16550 driver, 32 ports, IRQ sharing enabled
[    0.999636] 00:02: ttyS0 at I/O 0x3f8 (irq = 4, base_baud = 115200) is a 16550A
[    1.008751] Linux agpgart interface v0.103
[    1.012633] loop: module loaded
[    1.014854] scsi host0: ata_piix
[    1.016495] scsi host1: ata_piix
[    1.017883] ata1: PATA max UDMA/33 cmd 0x1f0 ctl 0x3f6 bmdma 0xd000 irq 14
[    1.020481] ata2: PATA max UDMA/33 cmd 0x170 ctl 0x376 bmdma 0xd008 irq 15
[    1.023358] tun: Universal TUN/TAP device driver, 1.6
[    1.025415] PPP generic driver version 2.4.2
[    1.026931] ehci_hcd: USB 2.0 'Enhanced' Host Controller (EHCI) Driver
[    1.029049] ehci-pci: EHCI PCI platform driver
[    1.030640] ehci-platform: EHCI generic platform driver
[    1.032846] ohci_hcd: USB 1.1 'Open' Host Controller (OHCI) Driver
[    1.035092] ohci-pci: OHCI PCI platform driver
[    1.036829] ohci-platform: OHCI generic platform driver
[    1.039081] uhci_hcd: USB Universal Host Controller Interface driver
[    1.041385] i8042: PNP: PS/2 Controller [PNP0303:PS2K,PNP0f03:PS2M] at 0x60,0x64 irq 1,12
[    1.045326] serio: i8042 KBD port at 0x60,0x64 irq 1
[    1.047391] serio: i8042 AUX port at 0x60,0x64 irq 12
[    1.049616] mousedev: PS/2 mouse device common for all mice
[    1.052450] input: AT Translated Set 2 keyboard as /devices/platform/i8042/serio0/input/input2
[    1.056109] rtc_cmos rtc_cmos: rtc core: registered rtc_cmos as rtc0
[    1.059852] rtc_cmos rtc_cmos: alarms up to one day, 114 bytes nvram
[    1.062123] i2c /dev entries driver
[    1.063709] device-mapper: uevent: version 1.0.3
[    1.065669] device-mapper: ioctl: 4.37.0-ioctl (2017-09-20) initialised: dm-devel@redhat.com
[    1.068578] ledtrig-cpu: registered to indicate activity on CPUs
[    1.071265] NET: Registered protocol family 10
[    1.078640] Segment Routing with IPv6
[    1.080095] NET: Registered protocol family 17
[    1.081842] Key type dns_resolver registered
[    1.083782] mce: Using 0 MCE banks
[    1.087319] RAS: Correctable Errors collector initialized.
[    1.091009] sched_clock: Marking stable (1090913235, 0)->(1332079887, -241166652)
[    1.094733] registered taskstats version 1
[    1.096438] Loading compiled-in X.509 certificates
[    1.101308] Loaded X.509 cert 'Build time autogenerated kernel key: 9c4811ffd453f4b0c13447eb15d717d926dfaff5'
[    1.107094] Loaded X.509 cert 'Canonical Ltd. Live Patch Signing: 14df34d1a87cf37625abec039ef2bf521249b969'
[    1.112217] Loaded X.509 cert 'Canonical Ltd. Kernel Module Signing: 88f752e560a1e0737e31163a466ad7b70a850c19'
[    1.115667] blacklist: Loading compiled-in revocation X.509 certificates
[    1.118257] Loaded X.509 cert 'Canonical Ltd. Secure Boot Signing: 61482aa2830d0ab2ad5af10b7250da9033ddcef0'
[    1.122042] zswap: loaded using pool lzo/zbud
[    1.128794] Key type big_key registered
[    1.130202] Key type trusted registered
[    1.134006] Key type encrypted registered
[    1.135477] AppArmor: AppArmor sha1 policy hashing enabled
[    1.139743] ima: No TPM chip found, activating TPM-bypass! (rc=-19)
[    1.141861] ima: Allocated hash algorithm: sha1
[    1.143542] evm: HMAC attrs: 0x1
[    1.145175]   Magic number: 14:760:949
[    1.146511] mdio_bus fixed-0: hash matches
[    1.147777] tty tty6: hash matches
[    1.148950] memory memory2: hash matches
[    1.150213] rtc_cmos rtc_cmos: setting system clock to 2022-07-26 18:54:36 UTC (1658861676)
[    1.157102] BIOS EDD facility v0.16 2004-Jun-25, 0 devices found
[    1.158883] EDD information not available.
[    1.208188] Freeing unused kernel image memory: 2468K
[    1.228243] Write protecting the kernel read-only data: 20480k
[    1.234021] Freeing unused kernel image memory: 2008K
[    1.237730] Freeing unused kernel image memory: 1820K
[    1.249912] x86/mm: Checked W+X mappings: passed, no W+X pages found.
[    1.251897] x86/mm: Checking user space page tables
[    1.262318] x86/mm: Checked W+X mappings: passed, no W+X pages found.
Loading, please wait...
starting version 237
[    1.364185] e1000: Intel(R) PRO/1000 Network Driver - version 7.3.21-k8-NAPI
[    1.366588] e1000: Copyright (c) 1999-2006 Intel Corporation.
[    1.402695] Fusion MPT base driver 3.04.20
[    1.404569] Copyright (c) 1999-2008 LSI Corporation
[    1.411702] AVX2 version of gcm_enc/dec engaged.
[    1.413288] AES CTR mode by8 optimization enabled
[    1.433657] Fusion MPT SPI Host driver 3.04.20
[    1.585856] input: ImExPS/2 Generic Explorer Mouse as /devices/platform/i8042/serio1/input/input4
[    1.828490] e1000 0000:00:03.0 eth0: (PCI:33MHz:32-bit) 02:70:df:2f:2a:c8
[    1.834398] e1000 0000:00:03.0 eth0: Intel(R) PRO/1000 Network Connection
[    1.839004] mptbase: ioc0: Initiating bringup
[    1.936534] ioc0: LSI53C1030 A0: Capabilities={Initiator}
[    2.185497] scsi host2: ioc0: LSI53C1030 A0, FwRev=00000000h, Ports=1, MaxQ=256, IRQ=20
[    2.365077] scsi 2:0:0:0: Direct-Access     VBOX     HARDDISK         1.0  PQ: 0 ANSI: 5
[    2.400194] scsi target2:0:0: Beginning Domain Validation
[    2.455160] scsi target2:0:0: Domain Validation skipping write tests
[    2.457079] scsi target2:0:0: Ending Domain Validation
[    2.473650] scsi target2:0:0: asynchronous
[    2.476778] scsi 2:0:1:0: Direct-Access     VBOX     HARDDISK         1.0  PQ: 0 ANSI: 5
[    2.763940] scsi target2:0:1: Beginning Domain Validation
[    2.769165] random: fast init done
[    2.772740] scsi target2:0:1: Domain Validation skipping write tests
[    2.775455] scsi target2:0:1: Ending Domain Validation
[    2.777769] scsi target2:0:1: asynchronous
[    2.783368] random: systemd-udevd: uninitialized urandom read (16 bytes read)
[    2.783430] e1000 0000:00:08.0 eth1: (PCI:33MHz:32-bit) 08:00:27:fa:96:9c
[    2.785703] random: systemd-udevd: uninitialized urandom read (16 bytes read)
[    2.790644] e1000 0000:00:08.0 eth1: Intel(R) PRO/1000 Network Connection
[    2.797992] random: systemd-udevd: uninitialized urandom read (16 bytes read)
[    2.801095] sd 2:0:0:0: Attached scsi generic sg0 type 0
[    2.804555] sd 2:0:0:0: [sda] 83886080 512-byte logical blocks: (42.9 GB/40.0 GiB)
[    2.807273] sd 2:0:0:0: [sda] Write Protect is off
[    2.810424] sd 2:0:1:0: Attached scsi generic sg1 type 0
[    2.812628] sd 2:0:0:0: [sda] Incomplete mode parameter data
[    2.816380] sd 2:0:0:0: [sda] Assuming drive cache: write through
[    2.821851] sd 2:0:1:0: [sdb] 20480 512-byte logical blocks: (10.5 MB/10.0 MiB)
[    2.826684] sd 2:0:1:0: [sdb] Write Protect is off
[    2.829071] sd 2:0:1:0: [sdb] Incomplete mode parameter data
[    2.830616]  sda: sda1
[    2.830946] sd 2:0:1:0: [sdb] Assuming drive cache: write through
[    2.836943] sd 2:0:0:0: [sda] Attached SCSI disk
[    2.840557] sd 2:0:1:0: [sdb] Attached SCSI disk
[    2.845261] e1000 0000:00:08.0 enp0s8: renamed from eth1
[    2.865615] e1000 0000:00:03.0 enp0s3: renamed from eth0
Begin: Loading essential drivers ... [    4.595116] raid6: sse2x1   gen()  5527 MB/s
[    4.647644] raid6: sse2x1   xor()  4116 MB/s
[    4.699108] raid6: sse2x2   gen()  7094 MB/s
[    4.748192] raid6: sse2x2   xor()  4259 MB/s
[    4.796097] raid6: sse2x4   gen()  7053 MB/s
[    4.851131] raid6: sse2x4   xor()  5164 MB/s
[    4.903188] raid6: avx2x1   gen() 10787 MB/s
[    4.954470] raid6: avx2x1   xor()  6172 MB/s
[    5.004494] raid6: avx2x2   gen() 11403 MB/s
[    5.056462] raid6: avx2x2   xor()  7887 MB/s
[    5.107187] raid6: avx2x4   gen() 16090 MB/s
[    5.163117] raid6: avx2x4   xor() 12914 MB/s
[    5.165515] raid6: using algorithm avx2x4 gen() 16090 MB/s
[    5.167102] raid6: .... xor() 12914 MB/s, rmw enabled
[    5.168599] raid6: using avx2x2 recovery algorithm
[    5.172598] xor: automatically using best checksumming function   avx       
[    5.176519] async_tx: api initialized (async)
done.
Begin: Running /scripts/init-premount ... done.
Begin: Mounting root file system ... Begin: Running /scripts/local-top ... done.
Begin: Running /scripts/local-premount ... [    5.266303] Btrfs loaded, crc32c=crc32c-intel
Scanning for Btrfs filesystems
done.
Warning: fsck not present, so skipping root file system
[    5.332899] EXT4-fs (sda1): mounted filesystem with ordered data mode. Opts: (null)
done.
Begin: Running /scripts/local-bottom ... done.
Begin: Running /scripts/init-bottom ... done.
[    5.663997] ip_tables: (C) 2000-2006 Netfilter Core Team
[    5.680566] systemd[1]: systemd 237 running in system mode. (+PAM +AUDIT +SELINUX +IMA +APPARMOR +SMACK +SYSVINIT +UTMP +LIBCRYPTSETUP +GCRYPT +GNUTLS +ACL +XZ +LZ4 +SECCOMP +BLKID +ELFUTILS +KMOD -IDN2 +IDN -PCRE2 default-hierarchy=hybrid)
[    5.691660] systemd[1]: Detected virtualization oracle.
[    5.693328] systemd[1]: Detected architecture x86-64.

Welcome to [1mUbuntu 18.04.6 LTS[0m!

[    5.703070] systemd[1]: Set hostname to <ubuntu-bionic>.
[    6.240065] systemd[1]: Created slice User and Session Slice.
[[0;32m  OK  [0m] Created slice User and Session Slice.
[    6.252266] systemd[1]: Reached target Swap.
[[0;32m  OK  [0m] Reached target Swap.
[    6.255436] systemd[1]: Set up automount Arbitrary Executable File Formats File System Automount Point.
[[0;32m  OK  [0m] Set up automount Arbitrary Executab…rmats File System Automount Point.
[    6.263703] systemd[1]: Reached target User and Group Name Lookups.
[[0;32m  OK  [0m] Reached target User and Group Name Lookups.
[    6.270310] systemd[1]: Created slice System Slice.
[[0;32m  OK  [0m] Created slice System Slice.
[    6.273705] systemd[1]: Listening on Device-mapper event daemon FIFOs.
[[0;32m  OK  [0m] Listening on Device-mapper event daemon FIFOs.
[[0;32m  OK  [0m] Created slice system-serial\x2dgetty.slice.
[[0;32m  OK  [0m] Listening on Journal Socket (/dev/log).
[[0;32m  OK  [0m] Listening on Journal Socket.
         Starting Load Kernel Modules...
         Mounting Huge Pages File System...
         Mounting POSIX Message Queue File System...
         Starting Uncomplicated firewall...
[[0;32m  OK  [0m] Reached target Slices.
         Startin[    6.323922] Loading iSCSI transport class v2.0-870.
g Set the console keyboard layout...
[[0;32m  OK  [0m] Listening on LVM2 poll daemon socket.
         Starting Create list of required st…ce nodes for the current kernel...
[[0;32m  OK  [0m] Listening on LVM2 metadata daemon socket.
[[0;32m  OK  [0m] Listening on Syslog Socket.
[[0;32m  OK  [0m] Listening on fsck to fsckd communication Socket.
         Starting File System Check on Root Device...
[[0;32m  OK  [0m] Listening on udev Control Socket.
         Mounting Kernel Debug File System...
[[0;32m  OK  [0m] Listening on Network Service Netlink Socket.
[[0;32m  OK  [0m] Listening on udev Kernel Socket.
         Starting udev Coldplug all Devices...
         Starting Monitoring of LVM2 mirrors…ng dmeventd or progress polling...
[[0;32m  OK  [0m] Reached target System Time Synchronized.
[[0;32m  OK  [0m] Listening on Journal Audit Socket.
         Starting Journal Service...
[[0;32m  OK  [0m] Listening on /dev/initctl Compatibility Named Pipe.
[[0;32m  OK  [0m] Started Forward Password Requests to Wall Directory Watch.
[[0;32m  OK  [0m] Mounted Huge Pages File System.
[[0;32m  OK  [0m] Mounted POSIX Message Queue File System.
[[0;32m  OK  [0m] Started Uncomplicated firewall.
[[0;32m  OK  [0m] Started Create list of required sta…vice nodes for the current kernel.
[    6.459453] iscsi: registered transport (tcp)
[[0;32m  OK  [0m] Mounted Kernel Debug File System.
[[0;32m  OK  [0m] Started File System Check Daemon to report status.
         Starting Create Static Device Nodes in /dev...
[[0;32m  OK  [0m] Started LVM2 metadata daemon.
[[0;32m  OK  [0m] Started udev Coldplug all Devices.
[[0;32m  OK  [0m] Started File System Check on Root Device.
         Starting Remount Root and Kernel File Systems...
[[0;32m  OK  [0m] Started Journal Service.
[    6.687688] EXT4-fs (sda1): re-mounted. Opts: (null)
[[0;32m  OK  [0m] Started Remount Root and Kernel File Systems.
         Starting Flush Journal to Persistent Storage...
         Starting Load/Save Random Seed...
[[0;32m  OK  [0m] Started Create Static Device Nodes in /dev.
[[0;32m  OK  [0m] Started Monitoring of LVM2 mirrors,…sing dmeventd or progress polling.
         Starting udev Kernel Device Manager...
[[0;32m  OK  [0m] Started Load/Save Random Seed.
[    6.912722] systemd-journald[412]: Received request to flush runtime journal from PID 1
[[0;32m  OK  [0m] Started Set the console keyboard layout.
[[0;32m  OK  [0m] Reached target Local File Systems (Pre).
[[0;32m  OK  [0m] Reached target Local File Systems.
         Starting Set console font and keymap...
         Starting AppArmor initialization...
         Starting Tell Plymouth To Write Out Runtime Data...
         Starting ebtables ruleset management...
[[0;32m  OK  [0m] Started Flush Journal to Persistent Storage.
[[0;32m  OK  [0m] Started Set console font and keymap.[    7.056539] random: crng init done
[    7.058248] random: 7 urandom warning(s) missed due to ratelimiting

         Starting Create Volatile Files and Directories...
[[0;32m  OK  [0m] Started Tell Plymouth To Write Out Runtime Data.
[[0;32m  OK  [0m] Started udev Kernel Device Manager.
[[0;32m  OK  [0m] Started Dispatch Password Requests to Console Directory Watch.
[[0;32m  OK  [0m] Reached target Local Encrypted Volumes.
[[0;32m  OK  [0m] Started Create Volatile Files and Directories.
         Starting Update UTMP about System Boot/Shutdown...
[    7.195766] iscsi: registered transport (iser)
[[0;32m  OK  [0m] Started Load Kernel Modules.
         Mounting Kernel Configuration File System...
         Mounting FUSE Control File System...
         Starting Apply Kernel Variables...
[[0;32m  OK  [0m] Mounted Kernel Configuration File System.
[[0;32m  OK  [0m] Mounted FUSE Control File System.
[[0;32m  OK  [0m] Started Apply Kernel Variables.
[[0;32m  OK  [0m] Started ebtables ruleset management.
[[0;32m  OK  [0m] Started Update UTMP about System Boot/Shutdown.
[[0;32m  OK  [0m] Started AppArmor initialization.
         Starting Load AppArmor profiles managed internally by snapd...
         Starting Initial cloud-init job (pre-networking)...
[[0;32m  OK  [0m] Started Load AppArmor profiles managed internally by snapd.
[[0;32m  OK  [0m] Found device /dev/ttyS0.
[[0;32m  OK  [0m] Listening on Load/Save RF Kill Switch Status /dev/rfkill Watch.
[   10.219433] cloud-init[524]: Cloud-init v. 22.2-0ubuntu1~18.04.3 running 'init-local' at Tue, 26 Jul 2022 18:54:45 +0000. Up 9.86 seconds.
[[0;32m  OK  [0m] Started Initial cloud-init job (pre-networking).
[[0;32m  OK  [0m] Reached target Network (Pre).
         Starting Network Service...
[[0;32m  OK  [0m] Started Network Service.
         Starting Wait for Network to be Configured...
         Starting Network Name Resolution...
[[0;32m  OK  [0m] Started Network Name Resolution.
[[0;32m  OK  [0m] Reached target Network.
[[0;32m  OK  [0m] Reached target Host and Network Name Lookups.
[[0;32m  OK  [0m] Started Wait for Network to be Configured.
         Starting Initial cloud-init job (metadata service crawler)...
[   13.437100] cloud-init[675]: Cloud-init v. 22.2-0ubuntu1~18.04.3 running 'init' at Tue, 26 Jul 2022 18:54:48 +0000. Up 13.04 seconds.
[   13.441150] cloud-init[675]: ci-info: ++++++++++++++++++++++++++++++++++++++Net device info+++++++++++++++++++++++++++++++++++++++
[   13.444673] cloud-init[675]: ci-info: +--------+------+-----------------------------+---------------+--------+-------------------+
[   13.447644] cloud-init[675]: ci-info: | Device |  Up  |           Address           |      Mask     | Scope  |     Hw-Address    |
[   13.452717] cloud-init[675]: ci-info: +--------+------+-----------------------------+---------------+--------+-------------------+
[   13.472853] cloud-init[675]: ci-info: | enp0s3 | True |          10.0.2.15          | 255.255.255.0 | global | 02:70:df:2f:2a:c8 |
[   13.487661] cloud-init[675]: ci-info: | enp0s3 | True |  fe80::70:dfff:fe2f:2ac8/64 |       .       |  link  | 02:70:df:2f:2a:c8 |
[   13.495396] cloud-init[675]: ci-info: | enp0s8 | True |          10.0.0.91          | 255.255.255.0 | global | 08:00:27:fa:96:9c |
[   13.499786] cloud-init[675]: ci-info: | enp0s8 | True | fe80::a00:27ff:fefa:969c/64 |       .       |  link  | 08:00:27:fa:96:9c |
[   13.502670] cloud-init[675]: ci-info: |   lo   | True |          127.0.0.1          |   255.0.0.0   |  host  |         .         |
[   13.506252] cloud-init[675]: ci-info: |   lo   | True |           ::1/128           |       .       |  host  |         .         |
[   13.508661] cloud-init[675]: ci-info: +--------+------+-----------------------------+---------------+--------+-------------------+
[   13.511869] cloud-init[675]: ci-info: ++++++++++++++++++++++++++++Route IPv4 info+++++++++++++++++++++++++++++
[   13.514301] cloud-init[675]: ci-info: +-------+-------------+----------+-----------------+-----------+-------+
[   13.517233] cloud-init[675]: ci-info: | Route | Destination | Gateway  |     Genmask     | Interface | Flags |
[   13.520844] cloud-init[675]: ci-info: +-------+-------------+----------+-----------------+-----------+-------+
[   13.528873] cloud-init[675]: ci-info: |   0   |   0.0.0.0   | 10.0.2.2 |     0.0.0.0     |   enp0s3  |   UG  |
[   13.533291] cloud-init[675]: ci-info: |   1   |   10.0.0.0  | 0.0.0.0  |  255.255.255.0  |   enp0s8  |   U   |
[   13.536372] cloud-init[675]: ci-info: |   2   |   10.0.2.0  | 0.0.0.0  |  255.255.255.0  |   enp0s3  |   U   |
[   13.542515] cloud-init[675]: ci-info: |   3   |   10.0.2.2  | 0.0.0.0  | 255.255.255.255 |   enp0s3  |   UH  |
[   13.550316] cloud-init[675]: ci-info: +-------+-------------+----------+-----------------+-----------+-------+
[   13.555384] cloud-init[675]: ci-info: +++++++++++++++++++Route IPv6 info+++++++++++++++++++
[   13.562882] cloud-init[675]: ci-info: +-------+-------------+---------+-----------+-------+
[   13.565237] cloud-init[675]: ci-info: | Route | Destination | Gateway | Interface | Flags |
[   13.581161] cloud-init[675]: ci-info: +-------+-------------+---------+-----------+-------+
[   13.583216] cloud-init[675]: ci-info: |   1   |  fe80::/64  |    ::   |   enp0s8  |   U   |
[   13.586823] cloud-init[675]: ci-info: |   2   |  fe80::/64  |    ::   |   enp0s3  |   U   |
[   13.607322] cloud-init[675]: ci-info: |   4   |    local    |    ::   |   enp0s3  |   U   |
[   13.613025] cloud-init[675]: ci-info: |   5   |    local    |    ::   |   enp0s8  |   U   |
[   13.615625] cloud-init[675]: ci-info: |   6   |   ff00::/8  |    ::   |   enp0s8  |   U   |
[   13.617975] cloud-init[675]: ci-info: |   7   |   ff00::/8  |    ::   |   enp0s3  |   U   |
[   13.622189] cloud-init[675]: ci-info: +-------+-------------+---------+-----------+-------+
[[0;32m  OK  [0m] Started Initial cloud-init job (metadata service crawler).
[[0;32m  OK  [0m] Reached target System Initialization.
[[0;32m  OK  [0m] Listening on D-Bus System Message Bus Socket.
[[0;32m  OK  [0m] Listening on cloud-init hotplug hook socket.
[[0;32m  OK  [0m] Started Discard unused blocks once a week.
         Starting LXD - unix socket.
         Starting Socket activation for snappy daemon.
[[0;32m  OK  [0m] Started Message of the Day.
[[0;32m  OK  [0m] Listening on UUID daemon activation socket.
[[0;32m  OK  [0m] Started Daily apt download activities.
[[0;32m  OK  [0m] Started Daily apt upgrade and clean activities.
[[0;32m  OK  [0m] Listening on Open-iSCSI iscsid Socket.
[[0;32m  OK  [0m] Started Daily Cleanup of Temporary Directories.
[[0;32m  OK  [0m] Listening on ACPID Listen Socket.
[[0;32m  OK  [0m] Started ACPI Events Check.
[[0;32m  OK  [0m] Reached target Paths.
[[0;32m  OK  [0m] Started Ubuntu Advantage Timer for running repeated jobs.
[[0;32m  OK  [0m] Reached target Timers.
[[0;32m  OK  [0m] Reached target Cloud-config availability.
[[0;32m  OK  [0m] Reached target Network is Online.
         Starting Availability of block devices...
[[0;32m  OK  [0m] Reached target Remote File Systems (Pre).
         Mounting /vagrant...
[[0;32m  OK  [0m] Listening on LXD - unix socket.
[[0;32m  OK  [0m] Listening on Socket activation for snappy daemon.
[[0;32m  OK  [0m] Started Availability of block devices.
[[0;32m  OK  [0m] Reached target Sockets.
[[0;32m  OK  [0m] Reached target Basic System.
         Starting LSB: Record successful boot for GRUB...
[[0;32m  OK  [0m] Started D-Bus System Message Bus.
         Starting System Logging Service...
         Starting Login Service...
[[0;32m  OK  [0m] Started FUSE filesystem for LXC.
         Starting Virtualbox guest utils...
         Starting Accounts Service...
         Starting Snap Daemon...
[[0;32m  OK  [0m] Started Deferred execution scheduler.
[[0;32m  OK  [0m] Started irqbalance daemon.
[[0;32m  OK  [0m] Started Regular background program processing daemon.
         Starting Dispatcher daemon for systemd-networkd...
         Starting OpenBSD Secure Shell server...
         Starting LXD - container startup/shutdown...
[[0;32m  OK  [0m] Started System Logging Service.
[[0;32m  OK  [0m] Mounted /vagrant.
[[0;32m  OK  [0m] Started Login Service.
         Starting Authorization Manager...
[[0;32m  OK  [0m] Started Unattended Upgrades Shutdown.
[[0;32m  OK  [0m] Reached target Remote File Systems.
         Starting Permit User Sessions...
         Starting LSB: automatic crash report generation...
[[0;32m  OK  [0m] Started OpenBSD Secure Shell server.
[[0;32m  OK  [0m] Started Permit User Sessions.
         Starting Hold until boot process finishes up...
         Starting Terminate Plymouth Boot Screen...
[[0;32m  OK  [0m] Started Hold until boot process finishes up.
[[0;32m  OK  [0m] Started Terminate Plymouth Boot Screen.
[[0;32m  OK  [0m] Started Serial Getty on ttyS0.
         Starting Set console scheme...
[[0;32m  OK  [0m] Started LSB: Record successful boot for GRUB.
[[0;32m  OK  [0m] Started Set console scheme.
[[0;32m  OK  [0m] Created slice system-getty.slice.
[[0;32m  OK  [0m] Started Getty on tty1.
[[0;32m  OK  [0m] Reached target Login Prompts.
[[0;32m  OK  [0m] Started Virtualbox guest utils.
[[0;32m  OK  [0m] Started LSB: automatic crash report generation.
[[0;32m  OK  [0m] Started Authorization Manager.
[[0;32m  OK  [0m] Started Accounts Service.
[[0;32m  OK  [0m] Created slice User Slice of vagrant.
[[0;32m  OK  [0m] Started LXD - container startup/shutdown.
[[0;32m  OK  [0m] Started Session 1 of user vagrant.
         Starting User Manager for UID 1000...
[[0;32m  OK  [0m] Started Dispatcher daemon for systemd-networkd.
[[0;32m  OK  [0m] Started User Manager for UID 1000.
[[0;32m  OK  [0m] Started Snap Daemon.
         Starting Wait until snapd is fully seeded...
         Starting Time & Date Service...
[[0;32m  OK  [0m] Started Time & Date Service.
[[0;32m  OK  [0m] Started Wait until snapd is fully seeded.
         Starting Apply the settings specified in cloud-config...
[   18.679748] cloud-init[1049]: Cloud-init v. 22.2-0ubuntu1~18.04.3 running 'modules:config' at Tue, 26 Jul 2022 18:54:53 +0000. Up 18.40 seconds.
[[0;32m  OK  [0m] Started Apply the settings specified in cloud-config.
[[0;32m  OK  [0m] Reached target Multi-User System.
[[0;32m  OK  [0m] Reached target Graphical Interface.
         Starting Update UTMP about System Runlevel Changes...
         Starting Execute cloud user/final scripts...
[[0;32m  OK  [0m] Started Update UTMP about System Runlevel Changes.
[   20.235116] cloud-init[1124]: Cloud-init v. 22.2-0ubuntu1~18.04.3 running 'modules:final' at Tue, 26 Jul 2022 18:54:55 +0000. Up 19.86 seconds.
[   20.246831] cloud-init[1124]: Cloud-init v. 22.2-0ubuntu1~18.04.3 finished at Tue, 26 Jul 2022 18:54:55 +0000. Datasource DataSourceNoCloud [seed=/dev/sdb][dsmode=net].  Up 20.21 seconds
[[0;32m  OK  [0m] Started Execute cloud user/final scripts.
[[0;32m  OK  [0m] Reached target Cloud-init target.

Ubuntu 18.04.6 LTS ubuntu-bionic ttyS0

ubuntu-bionic login: 